<?xml version="1.0" encoding="UTF-8"?>
<coverage generated="1637164658895" clover="3.2.0">
  <project timestamp="1637164658895" name="All files">
    <metrics statements="36" coveredstatements="30" conditionals="2" coveredconditionals="1" methods="7" coveredmethods="4" elements="45" coveredelements="35" complexity="0" loc="36" ncloc="36" packages="2" files="3" classes="3"/>
    <package name="server">
      <metrics statements="28" coveredstatements="25" conditionals="2" coveredconditionals="1" methods="5" coveredmethods="4"/>
      <file name="data.js" path="D:\Users\Jakirul\Desktop\Futureproof\Futureproof work\Week 3 - Assignment Week\Monday_API_Framework_Practise_2\server\data.js">
        <metrics statements="2" coveredstatements="2" conditionals="0" coveredconditionals="0" methods="0" coveredmethods="0"/>
        <line num="1" count="1" type="stmt"/>
        <line num="127" count="1" type="stmt"/>
      </file>
      <file name="server.js" path="D:\Users\Jakirul\Desktop\Futureproof\Futureproof work\Week 3 - Assignment Week\Monday_API_Framework_Practise_2\server\server.js">
        <metrics statements="26" coveredstatements="23" conditionals="2" coveredconditionals="1" methods="5" coveredmethods="4"/>
        <line num="1" count="1" type="stmt"/>
        <line num="2" count="1" type="stmt"/>
        <line num="3" count="1" type="stmt"/>
        <line num="4" count="1" type="stmt"/>
        <line num="5" count="1" type="stmt"/>
        <line num="7" count="1" type="stmt"/>
        <line num="8" count="1" type="stmt"/>
        <line num="10" count="1" type="stmt"/>
        <line num="11" count="1" type="stmt"/>
        <line num="13" count="1" type="stmt"/>
        <line num="14" count="1" type="stmt"/>
        <line num="17" count="1" type="stmt"/>
        <line num="18" count="0" type="stmt"/>
        <line num="19" count="0" type="stmt"/>
        <line num="22" count="1" type="stmt"/>
        <line num="23" count="1" type="stmt"/>
        <line num="25" count="1" type="stmt"/>
        <line num="26" count="23" type="stmt"/>
        <line num="27" count="23" type="stmt"/>
        <line num="29" count="23" type="stmt"/>
        <line num="30" count="23" type="stmt"/>
        <line num="33" count="23" type="stmt"/>
        <line num="36" count="1" type="cond" truecount="1" falsecount="1"/>
        <line num="37" count="0" type="stmt"/>
        <line num="39" count="1" type="stmt"/>
        <line num="44" count="1" type="stmt"/>
      </file>
    </package>
    <package name="server.routes">
      <metrics statements="8" coveredstatements="5" conditionals="0" coveredconditionals="0" methods="2" coveredmethods="0"/>
      <file name="random.js" path="D:\Users\Jakirul\Desktop\Futureproof\Futureproof work\Week 3 - Assignment Week\Monday_API_Framework_Practise_2\server\routes\random.js">
        <metrics statements="8" coveredstatements="5" conditionals="0" coveredconditionals="0" methods="2" coveredmethods="0"/>
        <line num="3" count="1" type="stmt"/>
        <line num="4" count="1" type="stmt"/>
        <line num="6" count="1" type="stmt"/>
        <line num="10" count="0" type="stmt"/>
        <line num="13" count="1" type="stmt"/>
        <line num="14" count="0" type="stmt"/>
        <line num="15" count="0" type="stmt"/>
        <line num="24" count="1" type="stmt"/>
      </file>
    </package>
  </project>
</coverage>
