{"C:\\Users\\mkask\\Desktop\\futureproof\\Week_3\\Wednesday\\lap1-project\\client\\js\\app.js": {"path":"C:\\Users\\mkask\\Desktop\\futureproof\\Week_3\\Wednesday\\lap1-project\\client\\js\\app.js","statementMap":{"0":{"start":{"line":3,"column":25},"end":{"line":3,"column":36}},"1":{"start":{"line":4,"column":4},"end":{"line":6,"column":5}},"2":{"start":{"line":5,"column":8},"end":{"line":5,"column":14}},"3":{"start":{"line":7,"column":19},"end":{"line":7,"column":71}},"4":{"start":{"line":8,"column":17},"end":{"line":8,"column":36}},"5":{"start":{"line":11,"column":4},"end":{"line":11,"column":34}},"6":{"start":{"line":14,"column":4},"end":{"line":20,"column":5}},"7":{"start":{"line":15,"column":23},"end":{"line":15,"column":51}},"8":{"start":{"line":16,"column":12},"end":{"line":16,"column":44}},"9":{"start":{"line":17,"column":12},"end":{"line":17,"column":36}},"10":{"start":{"line":19,"column":8},"end":{"line":19,"column":27}},"11":{"start":{"line":24,"column":4},"end":{"line":27,"column":6}},"12":{"start":{"line":25,"column":8},"end":{"line":25,"column":57}},"13":{"start":{"line":26,"column":8},"end":{"line":26,"column":60}},"14":{"start":{"line":32,"column":18},"end":{"line":32,"column":45}},"15":{"start":{"line":33,"column":4},"end":{"line":33,"column":35}},"16":{"start":{"line":34,"column":4},"end":{"line":34,"column":41}},"17":{"start":{"line":35,"column":4},"end":{"line":35,"column":17}},"18":{"start":{"line":40,"column":24},"end":{"line":40,"column":51}},"19":{"start":{"line":41,"column":4},"end":{"line":41,"column":39}},"20":{"start":{"line":42,"column":4},"end":{"line":42,"column":23}},"21":{"start":{"line":46,"column":4},"end":{"line":49,"column":44}},"22":{"start":{"line":47,"column":17},"end":{"line":47,"column":25}},"23":{"start":{"line":48,"column":18},"end":{"line":48,"column":23}},"24":{"start":{"line":49,"column":19},"end":{"line":49,"column":43}},"25":{"start":{"line":54,"column":4},"end":{"line":63,"column":5}},"26":{"start":{"line":55,"column":8},"end":{"line":55,"column":25}},"27":{"start":{"line":57,"column":8},"end":{"line":61,"column":38}},"28":{"start":{"line":58,"column":21},"end":{"line":58,"column":29}},"29":{"start":{"line":59,"column":23},"end":{"line":59,"column":60}},"30":{"start":{"line":60,"column":22},"end":{"line":60,"column":27}},"31":{"start":{"line":61,"column":23},"end":{"line":61,"column":37}},"32":{"start":{"line":66,"column":0},"end":{"line":73,"column":1}}},"fnMap":{"0":{"name":"getSearchResult","decl":{"start":{"line":2,"column":15},"end":{"line":2,"column":30}},"loc":{"start":{"line":2,"column":33},"end":{"line":21,"column":1}},"line":2},"1":{"name":"appendResults","decl":{"start":{"line":23,"column":9},"end":{"line":23,"column":22}},"loc":{"start":{"line":23,"column":28},"end":{"line":28,"column":1}},"line":23},"2":{"name":"(anonymous_2)","decl":{"start":{"line":24,"column":17},"end":{"line":24,"column":18}},"loc":{"start":{"line":24,"column":22},"end":{"line":27,"column":5}},"line":24},"3":{"name":"makeTitle","decl":{"start":{"line":30,"column":9},"end":{"line":30,"column":18}},"loc":{"start":{"line":30,"column":31},"end":{"line":36,"column":1}},"line":30},"4":{"name":"makeDescription","decl":{"start":{"line":38,"column":9},"end":{"line":38,"column":24}},"loc":{"start":{"line":38,"column":30},"end":{"line":43,"column":1}},"line":38},"5":{"name":"getRadnomResult","decl":{"start":{"line":45,"column":9},"end":{"line":45,"column":24}},"loc":{"start":{"line":45,"column":26},"end":{"line":51,"column":1}},"line":45},"6":{"name":"(anonymous_6)","decl":{"start":{"line":47,"column":14},"end":{"line":47,"column":15}},"loc":{"start":{"line":47,"column":17},"end":{"line":47,"column":25}},"line":47},"7":{"name":"(anonymous_7)","decl":{"start":{"line":48,"column":14},"end":{"line":48,"column":15}},"loc":{"start":{"line":48,"column":18},"end":{"line":48,"column":23}},"line":48},"8":{"name":"(anonymous_8)","decl":{"start":{"line":49,"column":14},"end":{"line":49,"column":15}},"loc":{"start":{"line":49,"column":19},"end":{"line":49,"column":43}},"line":49},"9":{"name":"getRandomSearchResult","decl":{"start":{"line":53,"column":9},"end":{"line":53,"column":30}},"loc":{"start":{"line":53,"column":32},"end":{"line":64,"column":1}},"line":53},"10":{"name":"(anonymous_10)","decl":{"start":{"line":58,"column":18},"end":{"line":58,"column":19}},"loc":{"start":{"line":58,"column":21},"end":{"line":58,"column":29}},"line":58},"11":{"name":"(anonymous_11)","decl":{"start":{"line":59,"column":18},"end":{"line":59,"column":19}},"loc":{"start":{"line":59,"column":23},"end":{"line":59,"column":60}},"line":59},"12":{"name":"(anonymous_12)","decl":{"start":{"line":60,"column":18},"end":{"line":60,"column":19}},"loc":{"start":{"line":60,"column":22},"end":{"line":60,"column":27}},"line":60},"13":{"name":"(anonymous_13)","decl":{"start":{"line":61,"column":18},"end":{"line":61,"column":19}},"loc":{"start":{"line":61,"column":23},"end":{"line":61,"column":37}},"line":61}},"branchMap":{"0":{"loc":{"start":{"line":4,"column":4},"end":{"line":6,"column":5}},"type":"if","locations":[{"start":{"line":4,"column":4},"end":{"line":6,"column":5}},{"start":{},"end":{}}],"line":4},"1":{"loc":{"start":{"line":14,"column":4},"end":{"line":20,"column":5}},"type":"if","locations":[{"start":{"line":14,"column":4},"end":{"line":20,"column":5}},{"start":{"line":18,"column":11},"end":{"line":20,"column":5}}],"line":14},"2":{"loc":{"start":{"line":54,"column":4},"end":{"line":63,"column":5}},"type":"if","locations":[{"start":{"line":54,"column":4},"end":{"line":63,"column":5}},{"start":{"line":56,"column":9},"end":{"line":63,"column":5}}],"line":54}},"s":{"0":0,"1":0,"2":0,"3":0,"4":0,"5":0,"6":0,"7":0,"8":0,"9":0,"10":0,"11":0,"12":0,"13":0,"14":0,"15":0,"16":0,"17":0,"18":0,"19":0,"20":0,"21":0,"22":0,"23":0,"24":0,"25":0,"26":0,"27":0,"28":0,"29":0,"30":0,"31":0,"32":1},"f":{"0":0,"1":0,"2":0,"3":0,"4":0,"5":0,"6":0,"7":0,"8":0,"9":0,"10":0,"11":0,"12":0,"13":0},"b":{"0":[0,0],"1":[0,0],"2":[0,0]},"_coverageSchema":"1a1c01bbd47fc00a2c39e90264f33305004495a9","hash":"a9539db8944e8570a9aca18c9e06647ae8ba972b"}
,"C:\\Users\\mkask\\Desktop\\futureproof\\Week_3\\Wednesday\\lap1-project\\server\\data.js": {"path":"C:\\Users\\mkask\\Desktop\\futureproof\\Week_3\\Wednesday\\lap1-project\\server\\data.js","statementMap":{"0":{"start":{"line":1,"column":13},"end":{"line":54,"column":1}},"1":{"start":{"line":57,"column":0},"end":{"line":57,"column":21}}},"fnMap":{},"branchMap":{},"s":{"0":1,"1":1},"f":{},"b":{},"_coverageSchema":"1a1c01bbd47fc00a2c39e90264f33305004495a9","hash":"5636608ba193534fe6885dc72f3266240c77fecb"}
,"C:\\Users\\mkask\\Desktop\\futureproof\\Week_3\\Wednesday\\lap1-project\\server\\server.js": {"path":"C:\\Users\\mkask\\Desktop\\futureproof\\Week_3\\Wednesday\\lap1-project\\server\\server.js","statementMap":{"0":{"start":{"line":1,"column":16},"end":{"line":1,"column":34}},"1":{"start":{"line":2,"column":12},"end":{"line":2,"column":21}},"2":{"start":{"line":3,"column":13},"end":{"line":3,"column":28}},"3":{"start":{"line":4,"column":13},"end":{"line":4,"column":30}},"4":{"start":{"line":5,"column":13},"end":{"line":5,"column":28}},"5":{"start":{"line":7,"column":0},"end":{"line":7,"column":23}},"6":{"start":{"line":8,"column":0},"end":{"line":8,"column":16}},"7":{"start":{"line":10,"column":19},"end":{"line":10,"column":45}},"8":{"start":{"line":11,"column":0},"end":{"line":11,"column":31}},"9":{"start":{"line":13,"column":0},"end":{"line":15,"column":2}},"10":{"start":{"line":14,"column":4},"end":{"line":14,"column":30}},"11":{"start":{"line":17,"column":0},"end":{"line":20,"column":2}},"12":{"start":{"line":18,"column":17},"end":{"line":18,"column":25}},"13":{"start":{"line":19,"column":4},"end":{"line":19,"column":30}},"14":{"start":{"line":22,"column":0},"end":{"line":41,"column":3}},"15":{"start":{"line":23,"column":23},"end":{"line":23,"column":62}},"16":{"start":{"line":25,"column":20},"end":{"line":34,"column":6}},"17":{"start":{"line":26,"column":22},"end":{"line":26,"column":47}},"18":{"start":{"line":27,"column":26},"end":{"line":31,"column":10}},"19":{"start":{"line":29,"column":28},"end":{"line":29,"column":49}},"20":{"start":{"line":30,"column":12},"end":{"line":30,"column":42}},"21":{"start":{"line":33,"column":8},"end":{"line":33,"column":37}},"22":{"start":{"line":36,"column":4},"end":{"line":40,"column":5}},"23":{"start":{"line":37,"column":8},"end":{"line":37,"column":26}},"24":{"start":{"line":39,"column":8},"end":{"line":39,"column":75}},"25":{"start":{"line":44,"column":0},"end":{"line":44,"column":21}}},"fnMap":{"0":{"name":"(anonymous_0)","decl":{"start":{"line":13,"column":13},"end":{"line":13,"column":14}},"loc":{"start":{"line":13,"column":27},"end":{"line":15,"column":1}},"line":13},"1":{"name":"(anonymous_1)","decl":{"start":{"line":17,"column":14},"end":{"line":17,"column":15}},"loc":{"start":{"line":17,"column":28},"end":{"line":20,"column":1}},"line":17},"2":{"name":"(anonymous_2)","decl":{"start":{"line":22,"column":26},"end":{"line":22,"column":27}},"loc":{"start":{"line":22,"column":40},"end":{"line":41,"column":1}},"line":22},"3":{"name":"(anonymous_3)","decl":{"start":{"line":25,"column":32},"end":{"line":25,"column":33}},"loc":{"start":{"line":25,"column":40},"end":{"line":34,"column":5}},"line":25},"4":{"name":"(anonymous_4)","decl":{"start":{"line":27,"column":41},"end":{"line":27,"column":42}},"loc":{"start":{"line":27,"column":49},"end":{"line":31,"column":9}},"line":27}},"branchMap":{"0":{"loc":{"start":{"line":36,"column":4},"end":{"line":40,"column":5}},"type":"if","locations":[{"start":{"line":36,"column":4},"end":{"line":40,"column":5}},{"start":{"line":38,"column":11},"end":{"line":40,"column":5}}],"line":36}},"s":{"0":1,"1":1,"2":1,"3":1,"4":1,"5":1,"6":1,"7":1,"8":1,"9":1,"10":1,"11":1,"12":0,"13":0,"14":1,"15":1,"16":1,"17":10,"18":10,"19":10,"20":10,"21":10,"22":1,"23":0,"24":1,"25":1},"f":{"0":1,"1":0,"2":1,"3":10,"4":10},"b":{"0":[0,1]},"_coverageSchema":"1a1c01bbd47fc00a2c39e90264f33305004495a9","hash":"37eb379349e25564ccc2cc58a526338924bf90c5"}
,"C:\\Users\\mkask\\Desktop\\futureproof\\Week_3\\Wednesday\\lap1-project\\server\\routes\\random.js": {"path":"C:\\Users\\mkask\\Desktop\\futureproof\\Week_3\\Wednesday\\lap1-project\\server\\routes\\random.js","statementMap":{"0":{"start":{"line":3,"column":16},"end":{"line":3,"column":34}},"1":{"start":{"line":4,"column":15},"end":{"line":4,"column":31}},"2":{"start":{"line":6,"column":13},"end":{"line":6,"column":31}},"3":{"start":{"line":10,"column":4},"end":{"line":10,"column":55}},"4":{"start":{"line":13,"column":0},"end":{"line":16,"column":2}},"5":{"start":{"line":14,"column":17},"end":{"line":14,"column":32}},"6":{"start":{"line":15,"column":4},"end":{"line":15,"column":19}},"7":{"start":{"line":18,"column":0},"end":{"line":18,"column":24}}},"fnMap":{"0":{"name":"getRandomLink","decl":{"start":{"line":9,"column":9},"end":{"line":9,"column":22}},"loc":{"start":{"line":9,"column":26},"end":{"line":11,"column":1}},"line":9},"1":{"name":"(anonymous_1)","decl":{"start":{"line":13,"column":15},"end":{"line":13,"column":16}},"loc":{"start":{"line":13,"column":27},"end":{"line":16,"column":1}},"line":13}},"branchMap":{},"s":{"0":1,"1":1,"2":1,"3":0,"4":1,"5":0,"6":0,"7":1},"f":{"0":0,"1":0},"b":{},"_coverageSchema":"1a1c01bbd47fc00a2c39e90264f33305004495a9","hash":"14f15da797193f9aeb5f4bf570e8e363065d99f4"}
}
