{"D:\\Users\\Jakirul\\Desktop\\Futureproof\\Futureproof work\\Week 3 - Assignment Week\\Monday_API_Framework_Practise_2\\server\\data.js": {"path":"D:\\Users\\Jakirul\\Desktop\\Futureproof\\Futureproof work\\Week 3 - Assignment Week\\Monday_API_Framework_Practise_2\\server\\data.js","statementMap":{"0":{"start":{"line":1,"column":13},"end":{"line":124,"column":1}},"1":{"start":{"line":127,"column":0},"end":{"line":127,"column":21}}},"fnMap":{},"branchMap":{},"s":{"0":1,"1":1},"f":{},"b":{},"_coverageSchema":"1a1c01bbd47fc00a2c39e90264f33305004495a9","hash":"40c857e7b5b250bb826117e1d09f08caa5004225"}
,"D:\\Users\\Jakirul\\Desktop\\Futureproof\\Futureproof work\\Week 3 - Assignment Week\\Monday_API_Framework_Practise_2\\server\\server.js": {"path":"D:\\Users\\Jakirul\\Desktop\\Futureproof\\Futureproof work\\Week 3 - Assignment Week\\Monday_API_Framework_Practise_2\\server\\server.js","statementMap":{"0":{"start":{"line":1,"column":16},"end":{"line":1,"column":34}},"1":{"start":{"line":2,"column":12},"end":{"line":2,"column":21}},"2":{"start":{"line":3,"column":13},"end":{"line":3,"column":28}},"3":{"start":{"line":4,"column":13},"end":{"line":4,"column":30}},"4":{"start":{"line":5,"column":13},"end":{"line":5,"column":28}},"5":{"start":{"line":7,"column":0},"end":{"line":7,"column":23}},"6":{"start":{"line":8,"column":0},"end":{"line":8,"column":16}},"7":{"start":{"line":10,"column":19},"end":{"line":10,"column":45}},"8":{"start":{"line":11,"column":0},"end":{"line":11,"column":31}},"9":{"start":{"line":13,"column":0},"end":{"line":15,"column":2}},"10":{"start":{"line":14,"column":4},"end":{"line":14,"column":30}},"11":{"start":{"line":17,"column":0},"end":{"line":20,"column":2}},"12":{"start":{"line":18,"column":17},"end":{"line":18,"column":25}},"13":{"start":{"line":19,"column":4},"end":{"line":19,"column":30}},"14":{"start":{"line":22,"column":0},"end":{"line":41,"column":3}},"15":{"start":{"line":23,"column":23},"end":{"line":23,"column":62}},"16":{"start":{"line":25,"column":20},"end":{"line":34,"column":6}},"17":{"start":{"line":26,"column":22},"end":{"line":26,"column":47}},"18":{"start":{"line":27,"column":26},"end":{"line":31,"column":10}},"19":{"start":{"line":29,"column":28},"end":{"line":29,"column":49}},"20":{"start":{"line":30,"column":12},"end":{"line":30,"column":42}},"21":{"start":{"line":33,"column":8},"end":{"line":33,"column":37}},"22":{"start":{"line":36,"column":4},"end":{"line":40,"column":5}},"23":{"start":{"line":37,"column":8},"end":{"line":37,"column":26}},"24":{"start":{"line":39,"column":8},"end":{"line":39,"column":75}},"25":{"start":{"line":44,"column":0},"end":{"line":44,"column":21}}},"fnMap":{"0":{"name":"(anonymous_0)","decl":{"start":{"line":13,"column":13},"end":{"line":13,"column":14}},"loc":{"start":{"line":13,"column":27},"end":{"line":15,"column":1}},"line":13},"1":{"name":"(anonymous_1)","decl":{"start":{"line":17,"column":14},"end":{"line":17,"column":15}},"loc":{"start":{"line":17,"column":28},"end":{"line":20,"column":1}},"line":17},"2":{"name":"(anonymous_2)","decl":{"start":{"line":22,"column":26},"end":{"line":22,"column":27}},"loc":{"start":{"line":22,"column":40},"end":{"line":41,"column":1}},"line":22},"3":{"name":"(anonymous_3)","decl":{"start":{"line":25,"column":32},"end":{"line":25,"column":33}},"loc":{"start":{"line":25,"column":40},"end":{"line":34,"column":5}},"line":25},"4":{"name":"(anonymous_4)","decl":{"start":{"line":27,"column":41},"end":{"line":27,"column":42}},"loc":{"start":{"line":27,"column":49},"end":{"line":31,"column":9}},"line":27}},"branchMap":{"0":{"loc":{"start":{"line":36,"column":4},"end":{"line":40,"column":5}},"type":"if","locations":[{"start":{"line":36,"column":4},"end":{"line":40,"column":5}},{"start":{"line":38,"column":11},"end":{"line":40,"column":5}}],"line":36}},"s":{"0":1,"1":1,"2":1,"3":1,"4":1,"5":1,"6":1,"7":1,"8":1,"9":1,"10":1,"11":1,"12":0,"13":0,"14":1,"15":1,"16":1,"17":23,"18":23,"19":23,"20":23,"21":23,"22":1,"23":0,"24":1,"25":1},"f":{"0":1,"1":0,"2":1,"3":23,"4":23},"b":{"0":[0,1]},"_coverageSchema":"1a1c01bbd47fc00a2c39e90264f33305004495a9","hash":"b5f7dfa08b90891ee993e779577b1cb7f0ee3daf"}
,"D:\\Users\\Jakirul\\Desktop\\Futureproof\\Futureproof work\\Week 3 - Assignment Week\\Monday_API_Framework_Practise_2\\server\\routes\\random.js": {"path":"D:\\Users\\Jakirul\\Desktop\\Futureproof\\Futureproof work\\Week 3 - Assignment Week\\Monday_API_Framework_Practise_2\\server\\routes\\random.js","statementMap":{"0":{"start":{"line":3,"column":16},"end":{"line":3,"column":34}},"1":{"start":{"line":4,"column":15},"end":{"line":4,"column":31}},"2":{"start":{"line":6,"column":13},"end":{"line":6,"column":31}},"3":{"start":{"line":10,"column":4},"end":{"line":10,"column":55}},"4":{"start":{"line":13,"column":0},"end":{"line":16,"column":2}},"5":{"start":{"line":14,"column":17},"end":{"line":14,"column":32}},"6":{"start":{"line":15,"column":4},"end":{"line":15,"column":19}},"7":{"start":{"line":24,"column":0},"end":{"line":24,"column":24}}},"fnMap":{"0":{"name":"getRandomLink","decl":{"start":{"line":9,"column":9},"end":{"line":9,"column":22}},"loc":{"start":{"line":9,"column":26},"end":{"line":11,"column":1}},"line":9},"1":{"name":"(anonymous_1)","decl":{"start":{"line":13,"column":15},"end":{"line":13,"column":16}},"loc":{"start":{"line":13,"column":27},"end":{"line":16,"column":1}},"line":13}},"branchMap":{},"s":{"0":1,"1":1,"2":1,"3":0,"4":1,"5":0,"6":0,"7":1},"f":{"0":0,"1":0},"b":{},"_coverageSchema":"1a1c01bbd47fc00a2c39e90264f33305004495a9","hash":"c3c2e495320d11e5d014b8f17168985689fd70c0"}
}
