TN:
SF:server\data.js
FNF:0
FNH:0
DA:1,1
DA:127,1
LF:2
LH:2
BRF:0
BRH:0
end_of_record
TN:
SF:server\server.js
FN:13,(anonymous_0)
FN:17,(anonymous_1)
FN:22,(anonymous_2)
FN:25,(anonymous_3)
FN:27,(anonymous_4)
FNF:5
FNH:4
FNDA:1,(anonymous_0)
FNDA:0,(anonymous_1)
FNDA:1,(anonymous_2)
FNDA:23,(anonymous_3)
FNDA:23,(anonymous_4)
DA:1,1
DA:2,1
DA:3,1
DA:4,1
DA:5,1
DA:7,1
DA:8,1
DA:10,1
DA:11,1
DA:13,1
DA:14,1
DA:17,1
DA:18,0
DA:19,0
DA:22,1
DA:23,1
DA:25,1
DA:26,23
DA:27,23
DA:29,23
DA:30,23
DA:33,23
DA:36,1
DA:37,0
DA:39,1
DA:44,1
LF:26
LH:23
BRDA:36,0,0,0
BRDA:36,0,1,1
BRF:2
BRH:1
end_of_record
TN:
SF:server\routes\random.js
FN:9,getRandomLink
FN:13,(anonymous_1)
FNF:2
FNH:0
FNDA:0,getRandomLink
FNDA:0,(anonymous_1)
DA:3,1
DA:4,1
DA:6,1
DA:10,0
DA:13,1
DA:14,0
DA:15,0
DA:24,1
LF:8
LH:5
BRF:0
BRH:0
end_of_record
