TN:
SF:client\js\app.js
FN:2,getSearchResult
FN:23,appendResults
FN:24,(anonymous_2)
FN:30,makeTitle
FN:38,makeDescription
FN:45,getRadnomResult
FN:47,(anonymous_6)
FN:48,(anonymous_7)
FN:49,(anonymous_8)
FN:53,getRandomSearchResult
FN:58,(anonymous_10)
FN:59,(anonymous_11)
FN:60,(anonymous_12)
FN:61,(anonymous_13)
FNF:14
FNH:0
FNDA:0,getSearchResult
FNDA:0,appendResults
FNDA:0,(anonymous_2)
FNDA:0,makeTitle
FNDA:0,makeDescription
FNDA:0,getRadnomResult
FNDA:0,(anonymous_6)
FNDA:0,(anonymous_7)
FNDA:0,(anonymous_8)
FNDA:0,getRandomSearchResult
FNDA:0,(anonymous_10)
FNDA:0,(anonymous_11)
FNDA:0,(anonymous_12)
FNDA:0,(anonymous_13)
DA:3,0
DA:4,0
DA:5,0
DA:7,0
DA:8,0
DA:11,0
DA:14,0
DA:15,0
DA:16,0
DA:17,0
DA:19,0
DA:24,0
DA:25,0
DA:26,0
DA:32,0
DA:33,0
DA:34,0
DA:35,0
DA:40,0
DA:41,0
DA:42,0
DA:46,0
DA:47,0
DA:48,0
DA:49,0
DA:54,0
DA:55,0
DA:57,0
DA:58,0
DA:59,0
DA:60,0
DA:61,0
DA:66,1
LF:33
LH:1
BRDA:4,0,0,0
BRDA:4,0,1,0
BRDA:14,1,0,0
BRDA:14,1,1,0
BRDA:54,2,0,0
BRDA:54,2,1,0
BRF:6
BRH:0
end_of_record
TN:
SF:server\data.js
FNF:0
FNH:0
DA:1,1
DA:57,1
LF:2
LH:2
BRF:0
BRH:0
end_of_record
TN:
SF:server\server.js
FN:13,(anonymous_0)
FN:17,(anonymous_1)
FN:22,(anonymous_2)
FN:25,(anonymous_3)
FN:27,(anonymous_4)
FNF:5
FNH:4
FNDA:1,(anonymous_0)
FNDA:0,(anonymous_1)
FNDA:1,(anonymous_2)
FNDA:10,(anonymous_3)
FNDA:10,(anonymous_4)
DA:1,1
DA:2,1
DA:3,1
DA:4,1
DA:5,1
DA:7,1
DA:8,1
DA:10,1
DA:11,1
DA:13,1
DA:14,1
DA:17,1
DA:18,0
DA:19,0
DA:22,1
DA:23,1
DA:25,1
DA:26,10
DA:27,10
DA:29,10
DA:30,10
DA:33,10
DA:36,1
DA:37,0
DA:39,1
DA:44,1
LF:26
LH:23
BRDA:36,0,0,0
BRDA:36,0,1,1
BRF:2
BRH:1
end_of_record
TN:
SF:server\routes\random.js
FN:9,getRandomLink
FN:13,(anonymous_1)
FNF:2
FNH:0
FNDA:0,getRandomLink
FNDA:0,(anonymous_1)
DA:3,1
DA:4,1
DA:6,1
DA:10,0
DA:13,1
DA:14,0
DA:15,0
DA:18,1
LF:8
LH:5
BRF:0
BRH:0
end_of_record
